Base path: C:/Program Files/Unity/Editor/Data
Cmd: getPlatforms
Cmd: preprocess
  insize=1376 outsize=650 ok=1
Cmd: compileSnippet
  api=4 type=0 insize=1028 outsize=629 kw= pd=UNITY_ENABLE_REFLECTION_BUFFERS UNITY_PBS_USE_BRDF1 UNITY_SPECCUBE_BOX_PROJECTION UNITY_SPECCUBE_BLENDING UNITY_TEXTURE_ALPHASPLIT_ALLOWED ok=1
Cmd: compileSnippet
  api=4 type=1 insize=1028 outsize=449 kw= pd=UNITY_ENABLE_REFLECTION_BUFFERS UNITY_PBS_USE_BRDF1 UNITY_SPECCUBE_BOX_PROJECTION UNITY_SPECCUBE_BLENDING UNITY_TEXTURE_ALPHASPLIT_ALLOWED ok=1
Cmd: preprocess
  insize=2714 outsize=884 ok=1
Cmd: compileSnippet
  api=4 type=0 insize=2129 outsize=561 kw= pd=UNITY_ENABLE_REFLECTION_BUFFERS UNITY_PBS_USE_BRDF1 UNITY_SPECCUBE_BOX_PROJECTION UNITY_SPECCUBE_BLENDING UNITY_TEXTURE_ALPHASPLIT_ALLOWED ok=1
Cmd: compileSnippet
  api=4 type=1 insize=2129 outsize=813 kw= pd=UNITY_ENABLE_REFLECTION_BUFFERS UNITY_PBS_USE_BRDF1 UNITY_SPECCUBE_BOX_PROJECTION UNITY_SPECCUBE_BLENDING UNITY_TEXTURE_ALPHASPLIT_ALLOWED ok=1
Cmd: preprocess
  insize=1569 outsize=649 ok=1
Cmd: compileSnippet
  api=4 type=0 insize=1220 outsize=629 kw= pd=UNITY_ENABLE_REFLECTION_BUFFERS UNITY_PBS_USE_BRDF1 UNITY_SPECCUBE_BOX_PROJECTION UNITY_SPECCUBE_BLENDING UNITY_TEXTURE_ALPHASPLIT_ALLOWED ok=1
Cmd: compileSnippet
  api=4 type=1 insize=1220 outsize=509 kw= pd=UNITY_ENABLE_REFLECTION_BUFFERS UNITY_PBS_USE_BRDF1 UNITY_SPECCUBE_BOX_PROJECTION UNITY_SPECCUBE_BLENDING UNITY_TEXTURE_ALPHASPLIT_ALLOWED ok=1
Cmd: preprocess
  insize=948 outsize=945 ok=1
Cmd: preprocess
  insize=772 outsize=769 ok=1
Cmd: preprocess
  insize=1334 outsize=1331 ok=1
Cmd: preprocess
  insize=316 outsize=316 ok=1
